<?xml version="1.0" encoding="UTF-8"?>
<testsuite name="edu.luc.cs.cs271.lab2.TestSearch" tests="12" skipped="0" failures="0" errors="0" timestamp="2017-09-26T03:12:27" hostname="dgubala-myworkspace-5344665" time="0.021">
  <properties/>
  <testcase name="testFindMinFundingArray70" classname="edu.luc.cs.cs271.lab2.TestSearch" time="0.001"/>
  <testcase name="testFindPositionArray10f" classname="edu.luc.cs.cs271.lab2.TestSearch" time="0.001"/>
  <testcase name="testFindPositionArray10s" classname="edu.luc.cs.cs271.lab2.TestSearch" time="0.0"/>
  <testcase name="testFindMinFundingArrayFast500" classname="edu.luc.cs.cs271.lab2.TestSearch" time="0.0"/>
  <testcase name="testFindMinFundingArrayFast850" classname="edu.luc.cs.cs271.lab2.TestSearch" time="0.0"/>
  <testcase name="testFindMinFundingArray" classname="edu.luc.cs.cs271.lab2.TestSearch" time="0.0"/>
  <testcase name="testFindPositionList10f" classname="edu.luc.cs.cs271.lab2.TestSearch" time="0.001"/>
  <testcase name="testFindPositionList10s" classname="edu.luc.cs.cs271.lab2.TestSearch" time="0.0"/>
  <testcase name="testFindPositionArray0" classname="edu.luc.cs.cs271.lab2.TestSearch" time="0.0"/>
  <testcase name="testFindMinFundingArrayFast" classname="edu.luc.cs.cs271.lab2.TestSearch" time="0.001"/>
  <testcase name="testFindPositionList0" classname="edu.luc.cs.cs271.lab2.TestSearch" time="0.0"/>
  <testcase name="testFindMinFundingArray10s" classname="edu.luc.cs.cs271.lab2.TestSearch" time="0.0"/>
  <system-out><![CDATA[]]></system-out>
  <system-err><![CDATA[]]></system-err>
</testsuite>
